Log file open, 02/05/17 20:43:01
LogInit:Display: Running engine for game: IT266_UE_Proj
LogPlatformFile: Not using cached read wrapper
LogInit:Display: RandInit(-1062821851) SRandInit(-1062821851).
LogTaskGraph: Started task graph with 5 named threads and 6 total threads with 1 sets of task threads.
LogStats: Stats thread started at 0.075007
LogPluginManager: Loaded Plugin Paper2D, From C:/Program Files (x86)/Epic Games/UE_4.14/Engine/Plugins/2D/Paper2D/Paper2D.uplugin
LogPluginManager: Loaded Plugin LightPropagationVolume, From C:/Program Files (x86)/Epic Games/UE_4.14/Engine/Plugins/Blendables/LightPropagationVolume/LightPropagationVolume.uplugin
LogPluginManager: Loaded Plugin BlankPlugin, From C:/Program Files (x86)/Epic Games/UE_4.14/Engine/Plugins/Developer/BlankPlugin/BlankPlugin.uplugin
LogPluginManager: Loaded Plugin CodeLiteSourceCodeAccess, From C:/Program Files (x86)/Epic Games/UE_4.14/Engine/Plugins/Developer/CodeLiteSourceCodeAccess/CodeLiteSourceCodeAccess.uplugin
LogPluginManager: Loaded Plugin GitSourceControl, From C:/Program Files (x86)/Epic Games/UE_4.14/Engine/Plugins/Developer/GitSourceControl/GitSourceControl.uplugin
LogPluginManager: Loaded Plugin KDevelopSourceCodeAccess, From C:/Program Files (x86)/Epic Games/UE_4.14/Engine/Plugins/Developer/KDevelopSourceCodeAccess/KDevelopSourceCodeAccess.uplugin
LogPluginManager: Loaded Plugin NullSourceCodeAccess, From C:/Program Files (x86)/Epic Games/UE_4.14/Engine/Plugins/Developer/NullSourceCodeAccess/NullSourceCodeAccess.uplugin
LogPluginManager: Loaded Plugin OneSkyLocalizationService, From C:/Program Files (x86)/Epic Games/UE_4.14/Engine/Plugins/Developer/OneSkyLocalizationService/OneSkyLocalizationService.uplugin
LogPluginManager: Loaded Plugin PerforceSourceControl, From C:/Program Files (x86)/Epic Games/UE_4.14/Engine/Plugins/Developer/PerforceSourceControl/PerforceSourceControl.uplugin
LogPluginManager: Loaded Plugin SubversionSourceControl, From C:/Program Files (x86)/Epic Games/UE_4.14/Engine/Plugins/Developer/SubversionSourceControl/SubversionSourceControl.uplugin
LogPluginManager: Loaded Plugin UObjectPlugin, From C:/Program Files (x86)/Epic Games/UE_4.14/Engine/Plugins/Developer/UObjectPlugin/UObjectPlugin.uplugin
LogPluginManager: Loaded Plugin VisualStudioSourceCodeAccess, From C:/Program Files (x86)/Epic Games/UE_4.14/Engine/Plugins/Developer/VisualStudioSourceCodeAccess/VisualStudioSourceCodeAccess.uplugin
LogPluginManager: Loaded Plugin XCodeSourceCodeAccess, From C:/Program Files (x86)/Epic Games/UE_4.14/Engine/Plugins/Developer/XCodeSourceCodeAccess/XCodeSourceCodeAccess.uplugin
LogPluginManager: Loaded Plugin AudioCapture, From C:/Program Files (x86)/Epic Games/UE_4.14/Engine/Plugins/Editor/AudioCapture/AudioCapture.uplugin
LogPluginManager: Loaded Plugin EpicSurvey, From C:/Program Files (x86)/Epic Games/UE_4.14/Engine/Plugins/Editor/EpicSurvey/EpicSurvey.uplugin
LogPluginManager: Loaded Plugin MacGraphicsSwitching, From C:/Program Files (x86)/Epic Games/UE_4.14/Engine/Plugins/Editor/MacGraphicsSwitching/MacGraphicsSwitching.uplugin
LogPluginManager: Loaded Plugin MobileLauncherProfileWizard, From C:/Program Files (x86)/Epic Games/UE_4.14/Engine/Plugins/Editor/MobileLauncherProfileWizard/MobileLauncherProfileWizard.uplugin
LogPluginManager: Loaded Plugin PluginBrowser, From C:/Program Files (x86)/Epic Games/UE_4.14/Engine/Plugins/Editor/PluginBrowser/PluginBrowser.uplugin
LogPluginManager: Loaded Plugin SpeedTreeImporter, From C:/Program Files (x86)/Epic Games/UE_4.14/Engine/Plugins/Editor/SpeedTreeImporter/SpeedTreeImporter.uplugin
LogPluginManager: Loaded Plugin SuperSearchEditor, From C:/Program Files (x86)/Epic Games/UE_4.14/Engine/Plugins/Editor/SuperSearchEditor/SuperSearchEditor.uplugin
LogPluginManager: Loaded Plugin AlembicImporter, From C:/Program Files (x86)/Epic Games/UE_4.14/Engine/Plugins/Experimental/AlembicImporter/AlembicImporter.uplugin
LogPluginManager: Loaded Plugin BlueprintStats, From C:/Program Files (x86)/Epic Games/UE_4.14/Engine/Plugins/Experimental/BlueprintStats/BlueprintStats.uplugin
LogPluginManager: Loaded Plugin CharacterAI, From C:/Program Files (x86)/Epic Games/UE_4.14/Engine/Plugins/Experimental/CharacterAI/CharacterAI.uplugin
LogPluginManager: Loaded Plugin CodeEditor, From C:/Program Files (x86)/Epic Games/UE_4.14/Engine/Plugins/Experimental/CodeEditor/CodeEditor.uplugin
LogPluginManager: Loaded Plugin CodeView, From C:/Program Files (x86)/Epic Games/UE_4.14/Engine/Plugins/Experimental/CodeView/CodeView.uplugin
LogPluginManager: Loaded Plugin HTML5Networking, From C:/Program Files (x86)/Epic Games/UE_4.14/Engine/Plugins/Experimental/HTML5Networking/HTML5Networking.uplugin
LogPluginManager: Loaded Plugin OSVR, From C:/Program Files (x86)/Epic Games/UE_4.14/Engine/Plugins/Experimental/OSVR/OSVR.uplugin
LogPluginManager: Loaded Plugin Phya, From C:/Program Files (x86)/Epic Games/UE_4.14/Engine/Plugins/Experimental/Phya/Phya.uplugin
LogPluginManager: Loaded Plugin SignificanceManager, From C:/Program Files (x86)/Epic Games/UE_4.14/Engine/Plugins/Experimental/SignificanceManager/SignificanceManager.uplugin
LogPluginManager: Loaded Plugin SimpleHMD, From C:/Program Files (x86)/Epic Games/UE_4.14/Engine/Plugins/Experimental/SimpleHMD/SimpleHMD.uplugin
LogPluginManager: Loaded Plugin StereoPanorama, From C:/Program Files (x86)/Epic Games/UE_4.14/Engine/Plugins/Experimental/StereoPanorama/StereoPanorama.uplugin
LogPluginManager: Loaded Plugin StructBox, From C:/Program Files (x86)/Epic Games/UE_4.14/Engine/Plugins/Experimental/StructBox/StructBox.uplugin
LogPluginManager: Loaded Plugin AndroidMedia, From C:/Program Files (x86)/Epic Games/UE_4.14/Engine/Plugins/Media/AndroidMedia/AndroidMedia.uplugin
LogPluginManager: Loaded Plugin AvfMedia, From C:/Program Files (x86)/Epic Games/UE_4.14/Engine/Plugins/Media/AvfMedia/AvfMedia.uplugin
LogPluginManager: Loaded Plugin MediaPlayerEditor, From C:/Program Files (x86)/Epic Games/UE_4.14/Engine/Plugins/Media/MediaPlayerEditor/MediaPlayerEditor.uplugin
LogPluginManager: Loaded Plugin WmfMedia, From C:/Program Files (x86)/Epic Games/UE_4.14/Engine/Plugins/Media/WmfMedia/WmfMedia.uplugin
LogPluginManager: Loaded Plugin MessagingDebugger, From C:/Program Files (x86)/Epic Games/UE_4.14/Engine/Plugins/Messaging/MessagingDebugger/MessagingDebugger.uplugin
LogPluginManager: Loaded Plugin TcpMessaging, From C:/Program Files (x86)/Epic Games/UE_4.14/Engine/Plugins/Messaging/TcpMessaging/TcpMessaging.uplugin
LogPluginManager: Loaded Plugin UdpMessaging, From C:/Program Files (x86)/Epic Games/UE_4.14/Engine/Plugins/Messaging/UdpMessaging/UdpMessaging.uplugin
LogPluginManager: Loaded Plugin LevelSequenceEditor, From C:/Program Files (x86)/Epic Games/UE_4.14/Engine/Plugins/MovieScene/LevelSequenceEditor/LevelSequenceEditor.uplugin
LogPluginManager: Loaded Plugin MatineeToLevelSequence, From C:/Program Files (x86)/Epic Games/UE_4.14/Engine/Plugins/MovieScene/MatineeToLevelSequence/MatineeToLevelSequence.uplugin
LogPluginManager: Loaded Plugin NetcodeUnitTest, From C:/Program Files (x86)/Epic Games/UE_4.14/Engine/Plugins/NetcodeUnitTest/NetcodeUnitTest/NetcodeUnitTest.uplugin
LogPluginManager: Loaded Plugin NUTUnrealEngine4, From C:/Program Files (x86)/Epic Games/UE_4.14/Engine/Plugins/NetcodeUnitTest/NUTUnrealEngine4/NUTUnrealEngine4.uplugin
LogPluginManager: Loaded Plugin OnlineSubsystemGameCircle, From C:/Program Files (x86)/Epic Games/UE_4.14/Engine/Plugins/Online/Android/OnlineSubsystemGameCircle/OnlineSubsystemGameCircle.uplugin
LogPluginManager: Loaded Plugin OnlineSubsystemGooglePlay, From C:/Program Files (x86)/Epic Games/UE_4.14/Engine/Plugins/Online/Android/OnlineSubsystemGooglePlay/OnlineSubsystemGooglePlay.uplugin
LogPluginManager: Loaded Plugin OnlineSubsystemIOS, From C:/Program Files (x86)/Epic Games/UE_4.14/Engine/Plugins/Online/IOS/OnlineSubsystemIOS/OnlineSubsystemIOS.uplugin
LogPluginManager: Loaded Plugin OnlineFramework, From C:/Program Files (x86)/Epic Games/UE_4.14/Engine/Plugins/Online/OnlineFramework/OnlineFramework.uplugin
LogPluginManager: Loaded Plugin OnlineSubsystem, From C:/Program Files (x86)/Epic Games/UE_4.14/Engine/Plugins/Online/OnlineSubsystem/OnlineSubsystem.uplugin
LogPluginManager: Loaded Plugin OnlineSubsystemAmazon, From C:/Program Files (x86)/Epic Games/UE_4.14/Engine/Plugins/Online/OnlineSubsystemAmazon/OnlineSubsystemAmazon.uplugin
LogPluginManager: Loaded Plugin OnlineSubsystemFacebook, From C:/Program Files (x86)/Epic Games/UE_4.14/Engine/Plugins/Online/OnlineSubsystemFacebook/OnlineSubsystemFacebook.uplugin
LogPluginManager: Loaded Plugin OnlineSubsystemNull, From C:/Program Files (x86)/Epic Games/UE_4.14/Engine/Plugins/Online/OnlineSubsystemNull/OnlineSubsystemNull.uplugin
LogPluginManager: Loaded Plugin OnlineSubsystemOculus, From C:/Program Files (x86)/Epic Games/UE_4.14/Engine/Plugins/Online/OnlineSubsystemOculus/OnlineSubsystemOculus.uplugin
LogPluginManager: Loaded Plugin OnlineSubsystemSteam, From C:/Program Files (x86)/Epic Games/UE_4.14/Engine/Plugins/Online/OnlineSubsystemSteam/OnlineSubsystemSteam.uplugin
LogPluginManager: Loaded Plugin OnlineSubsystemUtils, From C:/Program Files (x86)/Epic Games/UE_4.14/Engine/Plugins/Online/OnlineSubsystemUtils/OnlineSubsystemUtils.uplugin
LogPluginManager: Loaded Plugin IOSTapJoy, From C:/Program Files (x86)/Epic Games/UE_4.14/Engine/Plugins/Runtime/Advertising/IOSTapJoy/IOSTapJoy.uplugin
LogPluginManager: Loaded Plugin AnalyticsBlueprintLibrary, From C:/Program Files (x86)/Epic Games/UE_4.14/Engine/Plugins/Runtime/Analytics/AnalyticsBlueprintLibrary/AnalyticsBlueprintLibrary.uplugin
LogPluginManager: Loaded Plugin AnalyticsMulticast, From C:/Program Files (x86)/Epic Games/UE_4.14/Engine/Plugins/Runtime/Analytics/AnalyticsMulticast/AnalyticsMulticast.uplugin
LogPluginManager: Loaded Plugin Apsalar, From C:/Program Files (x86)/Epic Games/UE_4.14/Engine/Plugins/Runtime/Analytics/Apsalar/Apsalar.uplugin
LogPluginManager: Loaded Plugin FileLogging, From C:/Program Files (x86)/Epic Games/UE_4.14/Engine/Plugins/Runtime/Analytics/FileLogging/FileLogging.uplugin
LogPluginManager: Loaded Plugin Flurry, From C:/Program Files (x86)/Epic Games/UE_4.14/Engine/Plugins/Runtime/Analytics/Flurry/Flurry.uplugin
LogPluginManager: Loaded Plugin AndroidDeviceProfileSelector, From C:/Program Files (x86)/Epic Games/UE_4.14/Engine/Plugins/Runtime/AndroidDeviceProfileSelector/AndroidDeviceProfileSelector.uplugin
LogPluginManager: Loaded Plugin AndroidMoviePlayer, From C:/Program Files (x86)/Epic Games/UE_4.14/Engine/Plugins/Runtime/AndroidMoviePlayer/AndroidMoviePlayer.uplugin
LogPluginManager: Loaded Plugin AppleMoviePlayer, From C:/Program Files (x86)/Epic Games/UE_4.14/Engine/Plugins/Runtime/AppleMoviePlayer/AppleMoviePlayer.uplugin
LogPluginManager: Loaded Plugin ArchVisCharacter, From C:/Program Files (x86)/Epic Games/UE_4.14/Engine/Plugins/Runtime/ArchVisCharacter/ArchVisCharacter.uplugin
LogPluginManager: Loaded Plugin CableComponent, From C:/Program Files (x86)/Epic Games/UE_4.14/Engine/Plugins/Runtime/CableComponent/CableComponent.uplugin
LogPluginManager: Loaded Plugin CustomMeshComponent, From C:/Program Files (x86)/Epic Games/UE_4.14/Engine/Plugins/Runtime/CustomMeshComponent/CustomMeshComponent.uplugin
LogPluginManager: Loaded Plugin ExampleDeviceProfileSelector, From C:/Program Files (x86)/Epic Games/UE_4.14/Engine/Plugins/Runtime/ExampleDeviceProfileSelector/ExampleDeviceProfileSelector.uplugin
LogPluginManager: Loaded Plugin GearVR, From C:/Program Files (x86)/Epic Games/UE_4.14/Engine/Plugins/Runtime/GearVR/GearVR.uplugin
LogPluginManager: Loaded Plugin GoogleVRController, From C:/Program Files (x86)/Epic Games/UE_4.14/Engine/Plugins/Runtime/GoogleVR/GoogleVRController/GoogleVRController.uplugin
LogPluginManager: Loaded Plugin GoogleVRHMD, From C:/Program Files (x86)/Epic Games/UE_4.14/Engine/Plugins/Runtime/GoogleVR/GoogleVRHMD/GoogleVRHMD.uplugin
LogPluginManager: Loaded Plugin IOSDeviceProfileSelector, From C:/Program Files (x86)/Epic Games/UE_4.14/Engine/Plugins/Runtime/IOSDeviceProfileSelector/IOSDeviceProfileSelector.uplugin
LogPluginManager: Loaded Plugin LeapMotion, From C:/Program Files (x86)/Epic Games/UE_4.14/Engine/Plugins/Runtime/LeapMotion/LeapMotion.uplugin
LogPluginManager: Loaded Plugin LinuxDeviceProfileSelector, From C:/Program Files (x86)/Epic Games/UE_4.14/Engine/Plugins/Runtime/LinuxDeviceProfileSelector/LinuxDeviceProfileSelector.uplugin
LogPluginManager: Loaded Plugin MIDIDevice, From C:/Program Files (x86)/Epic Games/UE_4.14/Engine/Plugins/Runtime/MIDIDevice/MIDIDevice.uplugin
LogPluginManager: Loaded Plugin MobilePatchingUtils, From C:/Program Files (x86)/Epic Games/UE_4.14/Engine/Plugins/Runtime/MobilePatchingUtils/MobilePatchingUtils.uplugin
LogPluginManager: Loaded Plugin Ansel, From C:/Program Files (x86)/Epic Games/UE_4.14/Engine/Plugins/Runtime/Nvidia/Ansel/Ansel.uplugin
LogPluginManager: Loaded Plugin OculusAudio, From C:/Program Files (x86)/Epic Games/UE_4.14/Engine/Plugins/Runtime/OculusAudio/OculusAudio.uplugin
LogPluginManager: Loaded Plugin OculusInput, From C:/Program Files (x86)/Epic Games/UE_4.14/Engine/Plugins/Runtime/OculusInput/OculusInput.uplugin
LogPluginManager: Loaded Plugin OculusLibrary, From C:/Program Files (x86)/Epic Games/UE_4.14/Engine/Plugins/Runtime/OculusLibrary/OculusLibrary.uplugin
LogPluginManager: Loaded Plugin OculusRift, From C:/Program Files (x86)/Epic Games/UE_4.14/Engine/Plugins/Runtime/OculusRift/OculusRift.uplugin
LogPluginManager: Loaded Plugin Oodle, From C:/Program Files (x86)/Epic Games/UE_4.14/Engine/Plugins/Runtime/PacketHandlers/CompressionComponents/Oodle/Oodle.uplugin
LogPluginManager: Loaded Plugin ProceduralMeshComponent, From C:/Program Files (x86)/Epic Games/UE_4.14/Engine/Plugins/Runtime/ProceduralMeshComponent/ProceduralMeshComponent.uplugin
LogPluginManager: Loaded Plugin SoundMod, From C:/Program Files (x86)/Epic Games/UE_4.14/Engine/Plugins/Runtime/SoundMod/SoundMod.uplugin
LogPluginManager: Loaded Plugin SoundVisualizations, From C:/Program Files (x86)/Epic Games/UE_4.14/Engine/Plugins/Runtime/SoundVisualizations/SoundVisualizations.uplugin
LogPluginManager: Loaded Plugin SteamController, From C:/Program Files (x86)/Epic Games/UE_4.14/Engine/Plugins/Runtime/Steam/SteamController/SteamController.uplugin
LogPluginManager: Loaded Plugin SteamVR, From C:/Program Files (x86)/Epic Games/UE_4.14/Engine/Plugins/Runtime/Steam/SteamVR/SteamVR.uplugin
LogPluginManager: Loaded Plugin WebBrowserWidget, From C:/Program Files (x86)/Epic Games/UE_4.14/Engine/Plugins/Runtime/WebBrowserWidget/WebBrowserWidget.uplugin
LogPluginManager: Loaded Plugin WindowsDeviceProfileSelector, From C:/Program Files (x86)/Epic Games/UE_4.14/Engine/Plugins/Runtime/WindowsDeviceProfileSelector/WindowsDeviceProfileSelector.uplugin
LogPluginManager: Loaded Plugin WindowsMoviePlayer, From C:/Program Files (x86)/Epic Games/UE_4.14/Engine/Plugins/Runtime/WindowsMoviePlayer/WindowsMoviePlayer.uplugin
LogPluginManager: Loaded Plugin ScriptPlugin, From C:/Program Files (x86)/Epic Games/UE_4.14/Engine/Plugins/ScriptPlugin/ScriptPlugin.uplugin
LogPluginManager: Loaded Plugin SlateRemote, From C:/Program Files (x86)/Epic Games/UE_4.14/Engine/Plugins/Slate/SlateRemote/SlateRemote.uplugin
LogPluginManager: Loaded Plugin EditorTests, From C:/Program Files (x86)/Epic Games/UE_4.14/Engine/Plugins/Tests/EditorTests/EditorTests.uplugin
LogPluginManager: Loaded Plugin FbxAutomationTestBuilder, From C:/Program Files (x86)/Epic Games/UE_4.14/Engine/Plugins/Tests/FbxAutomationTestBuilder/FbxAutomationTestBuilder.uplugin
LogPluginManager: Loaded Plugin FunctionalTestingEditor, From C:/Program Files (x86)/Epic Games/UE_4.14/Engine/Plugins/Tests/FunctionalTestingEditor/FunctionalTestingEditor.uplugin
LogPluginManager: Loaded Plugin RuntimeTests, From C:/Program Files (x86)/Epic Games/UE_4.14/Engine/Plugins/Tests/RuntimeTests/RuntimeTests.uplugin
LogPluginManager: Loaded Plugin ScreenshotTools, From C:/Program Files (x86)/Epic Games/UE_4.14/Engine/Plugins/Tests/ScreenshotTools/ScreenshotTools.uplugin
LogInit: Using libcurl 7.47.1
LogInit:  - built for x86_64-pc-win32
LogInit:  - supports SSL with OpenSSL/1.0.2g
LogInit:  - supports HTTP deflate (compression) using libz 1.2.8
LogInit:  - other features:
LogInit:      CURL_VERSION_SSL
LogInit:      CURL_VERSION_LIBZ
LogInit:      CURL_VERSION_IPV6
LogInit:      CURL_VERSION_ASYNCHDNS
LogInit:      CURL_VERSION_LARGEFILE
LogInit:      CURL_VERSION_IDN
LogInit:  CurlRequestOptions (configurable via config and command line):
LogInit:  - bVerifyPeer = false  - Libcurl will NOT verify peer certificate
LogInit:  - bUseHttpProxy = false  - Libcurl will NOT use HTTP proxy
LogInit:  - bDontReuseConnections = false  - Libcurl will reuse connections
LogInit:  - CertBundlePath = nullptr  - Libcurl will use whatever was configured at build time.
LogInit: Build: ++UE4+Release-4.14-CL-3249277
LogInit: Engine Version: 4.14.3-3249277+++UE4+Release-4.14
LogInit: Compatible Engine Version: 4.14.0-3195953+++UE4+Release-4.14
LogInit: Net CL: 3195953
LogDevObjectVersion: Number of dev versions registered: 13
LogDevObjectVersion:   Dev-Blueprints (B0D832E4-1F89-4F0D-ACCF-7EB736FD4AA2): 7
LogDevObjectVersion:   Dev-Build (E1C64328-A22C-4D53-A36C-8E866417BD8C): 0
LogDevObjectVersion:   Dev-Core (375EC13C-06E4-48FB-B500-84F0262A717E): 1
LogDevObjectVersion:   Dev-Editor (E4B068ED-F494-42E9-A231-DA0B2E46BB41): 8
LogDevObjectVersion:   Dev-Framework (CFFC743F-43B0-4480-9391-14DF171D2073): 17
LogDevObjectVersion:   Dev-Mobile (B02B49B5-BB20-44E9-A304-32B752E40360): 0
LogDevObjectVersion:   Dev-Networking (A4E4105C-59A1-49B5-A7C5-40C4547EDFEE): 0
LogDevObjectVersion:   Dev-Online (39C831C9-5AE6-47DC-9A44-9C173E1C8E7C): 0
LogDevObjectVersion:   Dev-Physics (78F01B33-EBEA-4F98-B9B4-84EACCB95AA2): 0
LogDevObjectVersion:   Dev-Platform (6631380F-2D4D-43E0-8009-CF276956A95A): 0
LogDevObjectVersion:   Dev-Rendering (12F88B9F-8875-4AFC-A67C-D90C383ABD29): 12
LogDevObjectVersion:   Dev-Sequencer (7B5AE74C-D270-4C10-A958-57980B212A5A): 1
LogDevObjectVersion:   Dev-VR (D7296918-1DD6-4BDD-9DE2-64A83CC13884): 0
LogInit: Compiled (64-bit): Jan  6 2017 10:49:43
LogInit: Compiled with Visual C++: 19.00.23026.00
LogInit: Build Configuration: Development
LogInit: Branch Name: ++UE4+Release-4.14
LogInit: Command line: 
LogInit: Base directory: C:/Program Files (x86)/Epic Games/UE_4.14/Engine/Binaries/Win64/
LogInit: Installed Engine Build: 1
LogInit: Presizing for max 8388607 objects, including 0 objects not considered by GC, pre-allocating 0 bytes for permanent pool.
LogInit: Object subsystem initialized
[2017.02.06-01.43.01:812][  0]LogInit: Selected Device Profile: [Windows]
[2017.02.06-01.43.01:812][  0]LogInit: Applying CVar settings loaded from the selected device profile: [Windows]
[2017.02.06-01.43.01:826][  0]LogInit: Computer: ELAD-PC
[2017.02.06-01.43.01:826][  0]LogInit: User: Elad
[2017.02.06-01.43.01:826][  0]LogInit: CPU Page size=65536, Cores=2
[2017.02.06-01.43.01:826][  0]LogInit: High frequency timer resolution =2.530937 MHz
[2017.02.06-01.43.01:827][  0]LogMemory: Memory total: Physical=7.9GB (8GB approx)
[2017.02.06-01.43.01:827][  0]LogMemory: Platform Memory Stats for Windows
[2017.02.06-01.43.01:827][  0]LogMemory: Process Physical Memory: 265.98 MB used, 265.98 MB peak
[2017.02.06-01.43.01:827][  0]LogMemory: Process Virtual Memory: 264.14 MB used, 264.14 MB peak
[2017.02.06-01.43.01:827][  0]LogMemory: Physical Memory: 3814.98 MB used,  4250.38 MB free, 8065.36 MB total
[2017.02.06-01.43.01:827][  0]LogMemory: Virtual Memory: 651.45 MB used,  4250.38 MB free, 8388608.00 MB total
[2017.02.06-01.43.01:900][  0]LogTextLocalizationManager: No specific translations for ('en-US') exist, so ('en') translations will be used.
[2017.02.06-01.43.02:915][  0]LogD3D11RHI: D3D11 adapters:
[2017.02.06-01.43.02:954][  0]LogD3D11RHI:    0. 'NVIDIA NVS 5200M' (Feature Level 11_0)
[2017.02.06-01.43.02:954][  0]LogD3D11RHI:       978/0/3071 MB DedicatedVideo/DedicatedSystem/SharedSystem, Outputs:1, VendorId:0x10de
[2017.02.06-01.43.02:980][  0]LogD3D11RHI:    1. 'NVIDIA NVS 5200M' (Feature Level 11_0)
[2017.02.06-01.43.02:980][  0]LogD3D11RHI:       978/0/3071 MB DedicatedVideo/DedicatedSystem/SharedSystem, Outputs:0, VendorId:0x10de
[2017.02.06-01.43.02:980][  0]LogD3D11RHI: Chosen D3D11 Adapter: 0
[2017.02.06-01.43.02:989][  0]LogD3D11RHI: Creating new Direct3DDevice
[2017.02.06-01.43.02:990][  0]LogD3D11RHI:     GPU DeviceId: 0xdfc (for the marketing name, search the web for "GPU Device Id")
[2017.02.06-01.43.02:990][  0]LogWindows: EnumDisplayDevices:
[2017.02.06-01.43.02:990][  0]LogWindows:    0. 'Intel(R) HD Graphics 4000' (P:1 D:1)
[2017.02.06-01.43.02:990][  0]LogWindows:    1. 'Intel(R) HD Graphics 4000' (P:0 D:0)
[2017.02.06-01.43.02:990][  0]LogWindows:    2. 'NVIDIA NVS 5200M' (P:0 D:0)
[2017.02.06-01.43.02:990][  0]LogWindows:    3. 'NVIDIA NVS 5200M' (P:0 D:0)
[2017.02.06-01.43.02:990][  0]LogWindows:    4. 'RDPDD Chained DD' (P:0 D:0)
[2017.02.06-01.43.02:991][  0]LogWindows:    5. 'RDP Encoder Mirror Driver' (P:0 D:0)
[2017.02.06-01.43.02:991][  0]LogWindows:    6. 'RDP Reflector Display Driver' (P:0 D:0)
[2017.02.06-01.43.02:991][  0]LogWindows: DebugString: PrimaryIsNotTheChoosenAdapter PrimaryIsNotTheChoosenAdapter GetVideoDriverDetailsInvalid PrimaryIsNotTheChoosenAdapter GetVideoDriverDetailsInvalid PrimaryIsNotTheChoosenAdapter GetVideoDriverDetailsInvalid PrimaryIsNotTheChoosenAdapter FoundDriverCount:2 
[2017.02.06-01.43.02:991][  0]LogD3D11RHI:     Adapter Name: NVIDIA NVS 5200M
[2017.02.06-01.43.02:991][  0]LogD3D11RHI:   Driver Version: 376.62 (internal:21.21.13.7662, unified:376.62)
[2017.02.06-01.43.02:991][  0]LogD3D11RHI:      Driver Date: 1-10-2017
[2017.02.06-01.43.02:991][  0]LogRHI: Texture pool is 684 MB (70% of 978 MB)
[2017.02.06-01.43.03:014][  0]LogD3D11RHI:Warning: Timestamp queries are currently disabled on this hardware due to instability. Realtime GPU stats will not be available. You can override this behaviour by setting r.NVIDIATimestampWorkaround to 0
[2017.02.06-01.43.03:014][  0]LogD3D11RHI: Async texture creation enabled
[2017.02.06-01.43.03:032][  0]LogD3D11RHI: GPU Timing Frequency: 1000.000000 (Debug: 2 2)
[2017.02.06-01.43.03:033][  0]LogShaderCompilers: Guid format shader working directory is -28 characters bigger than the processId version (../../../../../../Users/Elad/Documents/IT266-UnrealProject/IT266_UE_Proj/Intermediate/Shaders/WorkingDirectory/10288/).
[2017.02.06-01.43.03:033][  0]LogShaderCompilers: Cleaned the shader compiler working directory 'C:/Users/Elad/AppData/Local/Temp/UnrealShaderWorkingDir/83C8A6D74E460449F74BD189F72AA1A8/'.
[2017.02.06-01.43.03:033][  0]LogShaderCompilers:Display: Using Local Shader Compiler.
[2017.02.06-01.43.04:711][  0]LogTemp:Display: Loaded TP AllDesktopTargetPlatform
[2017.02.06-01.43.04:820][  0]LogTemp:Display: Loaded TP MacClientTargetPlatform
[2017.02.06-01.43.04:913][  0]LogTemp:Display: Loaded TP MacNoEditorTargetPlatform
[2017.02.06-01.43.05:005][  0]LogTemp:Display: Loaded TP MacServerTargetPlatform
[2017.02.06-01.43.05:093][  0]LogTemp:Display: Loaded TP MacTargetPlatform
[2017.02.06-01.43.05:184][  0]LogTemp:Display: Loaded TP WindowsClientTargetPlatform
[2017.02.06-01.43.05:277][  0]LogTemp:Display: Loaded TP WindowsNoEditorTargetPlatform
[2017.02.06-01.43.05:378][  0]LogTemp:Display: Loaded TP WindowsServerTargetPlatform
[2017.02.06-01.43.05:447][  0]LogTemp:Display: Loaded TP WindowsTargetPlatform
[2017.02.06-01.43.05:542][  0]LogTemp:Display: Loaded TP AndroidTargetPlatform
[2017.02.06-01.43.05:638][  0]LogTemp:Display: Loaded TP Android_ASTCTargetPlatform
[2017.02.06-01.43.05:726][  0]LogTemp:Display: Loaded TP Android_ATCTargetPlatform
[2017.02.06-01.43.05:808][  0]LogTemp:Display: Loaded TP Android_DXTTargetPlatform
[2017.02.06-01.43.05:892][  0]LogTemp:Display: Loaded TP Android_ETC1TargetPlatform
[2017.02.06-01.43.05:975][  0]LogTemp:Display: Loaded TP Android_ETC2TargetPlatform
[2017.02.06-01.43.06:142][  0]LogTemp:Display: Loaded TP Android_MultiTargetPlatform
[2017.02.06-01.43.06:142][  0]LogTemp:Display: Loaded TP Android_PVRTCTargetPlatform
[2017.02.06-01.43.06:196][  0]LogTemp:Display: Loaded TP HTML5TargetPlatform
[2017.02.06-01.43.06:318][  0]LogTemp:Display: Loaded TP IOSTargetPlatform
[2017.02.06-01.43.06:375][  0]LogTemp:Display: Loaded TP TVOSTargetPlatform
[2017.02.06-01.43.06:516][  0]LogTemp:Display: Loaded TP LinuxClientTargetPlatform
[2017.02.06-01.43.06:598][  0]LogTemp:Display: Loaded TP LinuxNoEditorTargetPlatform
[2017.02.06-01.43.06:680][  0]LogTemp:Display: Loaded TP LinuxServerTargetPlatform
[2017.02.06-01.43.06:762][  0]LogTemp:Display: Loaded TP LinuxTargetPlatform
[2017.02.06-01.43.06:762][  0]LogTargetPlatformManager:Display: Building Assets For Windows
[2017.02.06-01.43.07:432][  0]LogDerivedDataCache:Display: Max Cache Size: 512 MB
[2017.02.06-01.43.07:504][  0]LogDerivedDataCache: Loaded boot cache 0.07s 50MB C:/Users/Elad/AppData/Local/UnrealEngine/4.14/DerivedDataCache/Boot.ddc.
[2017.02.06-01.43.07:504][  0]LogDerivedDataCache:Display: Loaded Boot cache: C:/Users/Elad/AppData/Local/UnrealEngine/4.14/DerivedDataCache/Boot.ddc
[2017.02.06-01.43.07:504][  0]LogDerivedDataCache: FDerivedDataBackendGraph:  Pak pak cache file ../../../../../../Users/Elad/Documents/IT266-UnrealProject/IT266_UE_Proj/DerivedDataCache/DDC.ddp not found, will not use a pak cache.
[2017.02.06-01.43.07:504][  0]LogDerivedDataCache: Unable to find inner node Pak for hierarchical cache Hierarchy.
[2017.02.06-01.43.07:504][  0]LogDerivedDataCache: FDerivedDataBackendGraph:  CompressedPak pak cache file ../../../../../../Users/Elad/Documents/IT266-UnrealProject/IT266_UE_Proj/DerivedDataCache/Compressed.ddp not found, will not use a pak cache.
[2017.02.06-01.43.07:504][  0]LogDerivedDataCache: Unable to find inner node CompressedPak for hierarchical cache Hierarchy.
[2017.02.06-01.43.07:531][  0]LogDerivedDataCache:Display: Pak cache opened for reading ../../../Engine/DerivedDataCache/Compressed.ddp.
[2017.02.06-01.43.07:543][  0]LogDerivedDataCache: Using Local data cache path C:/Users/Elad/AppData/Local/UnrealEngine/Common/DerivedDataCache: Writable
[2017.02.06-01.43.07:911][  0]LogInit: Selected Device Profile: [Windows]
[2017.02.06-01.43.07:918][  0]LogContentStreaming: Texture pool size is 0.00 MB
[2017.02.06-01.43.08:381][  0]LogMeshUtilities: Using QuadricMeshReduction for automatic static mesh reduction
[2017.02.06-01.43.08:467][  0]LogSimplygon: Simplygon DLL not present - disabling.
[2017.02.06-01.43.08:550][  0]LogMeshUtilities: Using SimplygonSwarm for distributed automatic mesh merging
[2017.02.06-01.43.08:550][  0]LogMeshUtilities: No automatic skeletal mesh reduction module available
[2017.02.06-01.43.08:550][  0]LogMeshUtilities: No automatic mesh merging module available
[2017.02.06-01.43.09:479][  0]LogNetVersion: GetLocalNetworkVersion: CL: 3195953, ProjectName: it266_ue_proj, ProjectVersion: , EngineNetworkVersion: 2, GameNetworkVersion: 0, NetworkChecksum: 4290059779
[2017.02.06-01.43.09:550][  0]LogAssetRegistry: FAssetRegistry took 0.0203 seconds to start up
[2017.02.06-01.43.09:610][  0]LogPackageLocalizationCache: Processed 3 localized package path(s) for 2 prioritized culture(s) in 0.028162 seconds
[2017.02.06-01.43.09:618][  0]LogUObjectArray: 31946 objects as part of root set at end of initial load.
[2017.02.06-01.43.09:618][  0]LogUObjectAllocator: 6935848 out of 0 bytes used by permanent object pool.
[2017.02.06-01.43.09:618][  0]LogUObjectArray: CloseDisregardForGC: 0/0 objects in disregard for GC pool
[2017.02.06-01.43.09:756][  0]LogInit: WinSock: version 1.1 (2.2), MaxSocks=32767, MaxUdp=65467
[2017.02.06-01.43.11:031][  0]LogSlate: Using Freetype 2.6.0
[2017.02.06-01.43.11:032][  0]LogSlate: SlateFontCache - WITH_FREETYPE: 1, WITH_HARFBUZZ: 1
[2017.02.06-01.43.11:032][  0]LogSlate: SlateFontCache - WITH_FREETYPE: 1, WITH_HARFBUZZ: 1
[2017.02.06-01.43.12:269][  0]LogTcpMessaging: Initializing TcpMessaging bridge
[2017.02.06-01.43.12:319][  0]LogUdpMessaging: Initializing bridge on interface 0.0.0.0:0 to multicast group 230.0.0.1:6666.
[2017.02.06-01.43.12:795][  0]LogMaterial: Uniform references updated for custom material expression Custom.
[2017.02.06-01.43.13:403][  0]SourceControl: Info Source control is disabled
[2017.02.06-01.43.13:536][  0]SourceControl: Info Source control is disabled
[2017.02.06-01.43.13:617][  0]SourceControl: Info Source control is disabled
[2017.02.06-01.43.13:687][  0]SourceControl: Info Source control is disabled
[2017.02.06-01.43.15:700][  0]LogEngine: Initializing Engine...
[2017.02.06-01.43.15:701][  0]LogHMD: Failed to initialize OpenVR with code 110
[2017.02.06-01.43.16:069][  0]LogAIModule: Creating AISystem for world Untitled
[2017.02.06-01.43.16:088][  0]LogInit: XAudio2 using 'Speakers / Headphones (IDT High Definition Audio CODEC)' : 2 channels at 48 kHz using 16 bits per sample (channel mask 0x3)
[2017.02.06-01.43.16:124][  0]LogInit: FAudioDevice initialized.
[2017.02.06-01.43.16:157][  0]LogDerivedDataCache: Saved boot cache 0.03s 50MB C:/Users/Elad/AppData/Local/UnrealEngine/4.14/DerivedDataCache/Boot.ddc.
[2017.02.06-01.43.16:162][  0]LogInit: Texture streaming: Enabled
[2017.02.06-01.43.16:418][  0]LogInit: Transaction tracking system initialized
[2017.02.06-01.43.16:934][  0]BlueprintLog: New page: Editor Load
[2017.02.06-01.43.18:255][  0]LocalizationService: Info Localization service is disabled
[2017.02.06-01.43.19:629][  0]LogConsoleResponse:Display: 
[2017.02.06-01.43.19:904][  0]LogCook:Display: Max memory allowance for cook 16384mb min free memory 0mb
[2017.02.06-01.43.19:904][  0]LogCook:Display: Mobile HDR setting 1
[2017.02.06-01.43.20:186][  0]LogFileCache: Scanning file cache for directory 'C:/Users/Elad/Documents/IT266-UnrealProject/IT266_UE_Proj/Content/' took 0.02s
[2017.02.06-01.43.21:516][  0]SourceControl: Info Source control is disabled
[2017.02.06-01.43.21:516][  0]Cmd: MAP LOAD FILE="../../../../../../Users/Elad/Documents/IT266-UnrealProject/IT266_UE_Proj/Content/Level1.umap" TEMPLATE=0 SHOWPROGRESS=1 FEATURELEVEL=3
[2017.02.06-01.43.21:516][  0]LightingResults: New page: Lighting Build
[2017.02.06-01.43.21:578][  0]MapCheck: New page: Map Check
[2017.02.06-01.43.21:578][  0]LightingResults: New page: Lighting Build
[2017.02.06-01.43.22:410][  0]ImportText (/Game/Mannequin/AI_Char.AI_Char_C:ExecuteUbergraph_AI_Char.Temp_struct_Variable2): Missing opening parenthesis: 
[2017.02.06-01.43.22:410][  0]ImportText (/Game/Mannequin/AI_Char.AI_Char_C:ExecuteUbergraph_AI_Char.Temp_struct_Variable2): Missing opening parenthesis: 
[2017.02.06-01.43.22:702][  0]ImportText (/Game/Mannequin/AI_Char.AI_Char_C:ExecuteUbergraph_AI_Char.Temp_struct_Variable2): Missing opening parenthesis: 
[2017.02.06-01.43.22:703][  0]ImportText (/Game/Mannequin/AI_Char.AI_Char_C:ExecuteUbergraph_AI_Char.Temp_struct_Variable2): Missing opening parenthesis: 
[2017.02.06-01.43.23:405][  0]LogAIModule: Creating AISystem for world Level1
[2017.02.06-01.43.23:418][  0]LogEditorServer: Finished looking for orphan Actors (0.000 secs)
[2017.02.06-01.43.23:420][  0]Cmd: MAP CHECKDEP NOCLEARLOG
[2017.02.06-01.43.23:512][  0]MapCheck: Info Map check complete: 0 Error(s), 0 Warning(s), took 92.381ms to complete.
[2017.02.06-01.43.23:512][  0]LogFileHelpers: Loading map 'Level1' took 1.997
[2017.02.06-01.43.23:720][  0]LogCollectionManager: Loaded 0 collections in 0.003469 seconds
[2017.02.06-01.43.23:838][  0]LogFileCache: Scanning file cache for directory 'C:/Users/Elad/Documents/IT266-UnrealProject/IT266_UE_Proj/Saved/Collections/' took 0.01s
[2017.02.06-01.43.23:838][  0]LogFileCache: Scanning file cache for directory 'C:/Users/Elad/Documents/IT266-UnrealProject/IT266_UE_Proj/Content/Developers/Elad/Collections/' took 0.01s
[2017.02.06-01.43.23:838][  0]LogFileCache: Scanning file cache for directory 'C:/Users/Elad/Documents/IT266-UnrealProject/IT266_UE_Proj/Content/Collections/' took 0.01s
[2017.02.06-01.43.23:838][  0]LogCollectionManager: Rebuilt the GUID cache for 0 collections in 0.000002 seconds
[2017.02.06-01.43.23:863][  0]LogContentBrowser: Native class hierarchy populated in 0.0250 seconds. Added 2190 classes and 428 folders.
[2017.02.06-01.43.23:948][  0]LogStats: UGameplayTagsManager::ConstructGameplayTagTree: Construct from data asset -  0.000 s
[2017.02.06-01.43.23:948][  0]LogStats: UGameplayTagsManager::ConstructGameplayTagTree: GameplayTagTreeChangedEvent.Broadcast -  0.000 s
[2017.02.06-01.43.23:949][  0]LogContentBrowser: Native class hierarchy updated for 'GameplayTags' in 0.0009 seconds. Added 13 classes and 0 folders.
[2017.02.06-01.43.24:056][  0]LogContentBrowser: Native class hierarchy updated for 'WidgetCarousel' in 0.0011 seconds. Added 0 classes and 0 folders.
[2017.02.06-01.43.24:110][  0]LogContentBrowser: Native class hierarchy updated for 'AddContentDialog' in 0.0007 seconds. Added 0 classes and 0 folders.
[2017.02.06-01.43.24:169][  0]LogContentBrowser: Native class hierarchy updated for 'SceneOutliner' in 0.0007 seconds. Added 1 classes and 2 folders.
[2017.02.06-01.43.24:228][  0]LogCrashTracker: Crashtracker disabled due to settings.
[2017.02.06-01.43.24:234][  0]LogUObjectGlobals:Warning: Failed to find object 'Class None.'
[2017.02.06-01.43.24:406][  0]LogContentBrowser: Native class hierarchy updated for 'HierarchicalLODOutliner' in 0.0008 seconds. Added 1 classes and 2 folders.
[2017.02.06-01.43.24:406][  0]LogLoad: (Engine Initialization) Total time: 25.45 seconds
[2017.02.06-01.43.24:406][  0]LogLoad: (Engine Initialization) Total Blueprint compile time: 0.64 seconds
[2017.02.06-01.43.24:406][  0]LogExternalProfiler: Found external profiler: VSPerf
[2017.02.06-01.43.24:406][  0]LogExternalProfiler: Using external profiler: VSPerf
[2017.02.06-01.43.24:415][  0]LogOcInput: OculusInput pre-init called
[2017.02.06-01.43.24:435][  0]LogContentStreaming: Texture pool size now 400 MB
[2017.02.06-01.43.24:660][  0]LogRenderer: Reallocating scene render targets to support 972x456 NumSamples 1 (Frame:2).
[2017.02.06-01.43.25:191][  1]LogSkinnedMeshComp:Warning: GetSocketByName(None: GripPoint): No SkeletalMesh for Mesh2P
[2017.02.06-01.43.25:191][  1]LogSkinnedMeshComp:Warning: GetSocketByName(None: GripPoint): No SkeletalMesh for Mesh2P
[2017.02.06-01.43.25:191][  1]LogSkinnedMeshComp:Warning: GetSocketByName(None: GripPoint): No SkeletalMesh for Mesh2P
[2017.02.06-01.43.25:192][  1]LogSkinnedMeshComp:Warning: GetSocketByName(None: GripPoint): No SkeletalMesh for Mesh2P
[2017.02.06-01.43.25:192][  1]LogSkinnedMeshComp:Warning: GetSocketByName(None: GripPoint): No SkeletalMesh for Mesh2P
[2017.02.06-01.43.25:259][  2]LogCollectionManager: Rebuilt the object cache for 0 collections in 0.000002 seconds (found 0 objects)
[2017.02.06-01.43.25:272][  2]LogAssetRegistry: Asset discovery search completed in 15.7422 seconds
[2017.02.06-01.43.25:272][  2]LogCollectionManager: Fixed up redirectors for 0 collections in 0.000001 seconds (updated 0 objects)
[2017.02.06-01.43.28:387][113]LogContentBrowser: Native class hierarchy updated for 'BlueprintGraph' in 0.0013 seconds. Added 111 classes and 0 folders.
[2017.02.06-01.43.31:443][113]LogSkinnedMeshComp:Warning: GetSocketByName(None: GripPoint): No SkeletalMesh for Mesh2P
[2017.02.06-01.43.31:443][113]LogSkinnedMeshComp:Warning: GetSocketByName(None: GripPoint): No SkeletalMesh for Mesh2P
[2017.02.06-01.43.31:444][113]LogSkinnedMeshComp:Warning: GetSocketByName(None: GripPoint): No SkeletalMesh for Mesh2P
[2017.02.06-01.44.07:344][897]Cmd: OBJ SAVEPACKAGE PACKAGE="/Game/Mannequin/health-kit" FILE="../../../../../../Users/Elad/Documents/IT266-UnrealProject/IT266_UE_Proj/Content/Mannequin/health-kit.uasset" SILENT=true
[2017.02.06-01.44.07:412][897]LogSavePackage: Save=31.42ms
[2017.02.06-01.44.07:412][897]LogSavePackage: Moving '../../../../../../Users/Elad/Documents/IT266-UnrealProject/IT266_UE_Proj/Saved/health-kitB97DF4F844F1D73A4B4872AB257E53A5.tmp' to '../../../../../../Users/Elad/Documents/IT266-UnrealProject/IT266_UE_Proj/Content/Mannequin/health-kit.uasset'
[2017.02.06-01.44.07:414][897]LogSavePackage:Display: Finished SavePackage ../../../../../../Users/Elad/Documents/IT266-UnrealProject/IT266_UE_Proj/Content/Mannequin/health-kit.uasset
[2017.02.06-01.44.22:182][461]LogRenderer: Reallocating scene render targets to support 972x568 NumSamples 1 (Frame:1042).
[2017.02.06-01.46.35:648][770]LogTexture:Display: Building textures: SimplygonLogo (AutoDXT)
[2017.02.06-01.46.36:638][771]LogRenderer: Reallocating scene render targets to support 1192x744 NumSamples 1 (Frame:2089).
[2017.02.06-01.47.37:758][926]LogD3D11RHI: Timed out while waiting for GPU to catch up. (0.5 s)
[2017.02.06-01.47.38:091][926]LogD3D11RHI:Error: Result failed 
 at D:\Build\++UE4+Release-4.14+Compile\Sync\Engine\Source\Runtime\Windows\D3D11RHI\Private\D3D11Query.cpp:134 
 with error DXGI_ERROR_DEVICE_REMOVED DXGI_ERROR_DEVICE_REMOVED
[2017.02.06-01.47.38:101][926]LogWindows: Windows GetLastError: The operation completed successfully. (0)
[2017.02.06-01.47.38:574][926]LogCrashTracker: 


[2017.02.06-01.47.38:584][926]LogWindows: Windows GetLastError: The operation completed successfully. (0)
[2017.02.06-01.47.38:584][926]LogCrashTracker: 


[2017.02.06-01.47.38:584][926]LogWindows:Error: === Critical error: ===
[2017.02.06-01.47.38:584][926]LogWindows:Error: 
[2017.02.06-01.47.38:584][926]LogWindows:Error: Fatal error: [File:D:\Build\++UE4+Release-4.14+Compile\Sync\Engine\Source\Runtime\RenderCore\Private\RenderingThread.cpp] [Line: 791] 
[2017.02.06-01.47.38:584][926]LogWindows:Error: Rendering thread exception:
[2017.02.06-01.47.38:584][926]LogWindows:Error: Fatal error: [File:D:\Build\++UE4+Release-4.14+Compile\Sync\Engine\Source\Runtime\Windows\D3D11RHI\Private\D3D11Util.cpp] [Line: 176] 
[2017.02.06-01.47.38:584][926]LogWindows:Error: Unreal Engine is exiting due to D3D device being lost. (Error: 0x887A0005 - 'REMOVED')
[2017.02.06-01.47.38:584][926]LogWindows:Error: 
[2017.02.06-01.47.38:584][926]LogWindows:Error: 
[2017.02.06-01.47.38:584][926]LogWindows:Error: KERNELBASE.dll
[2017.02.06-01.47.38:584][926]LogWindows:Error: UE4Editor-Core.dll
[2017.02.06-01.47.38:584][926]LogWindows:Error: UE4Editor-Core.dll
[2017.02.06-01.47.38:584][926]LogWindows:Error: UE4Editor-Core.dll
[2017.02.06-01.47.38:585][926]LogWindows:Error: UE4Editor-D3D11RHI.dll
[2017.02.06-01.47.38:585][926]LogWindows:Error: UE4Editor-D3D11RHI.dll
[2017.02.06-01.47.38:585][926]LogWindows:Error: UE4Editor-D3D11RHI.dll
[2017.02.06-01.47.38:585][926]LogWindows:Error: UE4Editor-D3D11RHI.dll
[2017.02.06-01.47.38:585][926]LogWindows:Error: UE4Editor-RHI.dll
[2017.02.06-01.47.38:585][926]LogWindows:Error: UE4Editor-SlateRHIRenderer.dll
[2017.02.06-01.47.38:585][926]LogWindows:Error: UE4Editor-SlateRHIRenderer.dll
[2017.02.06-01.47.38:585][926]LogWindows:Error: UE4Editor-Core.dll
[2017.02.06-01.47.38:585][926]LogWindows:Error: UE4Editor-Core.dll
[2017.02.06-01.47.38:585][926]LogWindows:Error: UE4Editor-RenderCore.dll
[2017.02.06-01.47.38:585][926]LogWindows:Error: UE4Editor-RenderCore.dll
[2017.02.06-01.47.38:585][926]LogWindows:Error: UE4Editor-Core.dll
[2017.02.06-01.47.38:585][926]LogWindows:Error: UE4Editor-Core.dll
[2017.02.06-01.47.38:585][926]LogWindows:Error: kernel32.dll
[2017.02.06-01.47.38:585][926]LogWindows:Error: ntdll.dll
[2017.02.06-01.47.38:585][926]LogWindows:Error: ntdll.dll
[2017.02.06-01.47.38:585][926]LogWindows:Error: 
[2017.02.06-01.47.38:585][926]LogWindows:Error: 
[2017.02.06-01.47.38:585][926]LogWindows:Error: 
[2017.02.06-01.47.38:585][926]LogWindows:Error: 
[2017.02.06-01.47.38:651][926]LogExit: Executing StaticShutdownAfterError
[2017.02.06-01.47.38:660][926]LogWindows: FPlatformMisc::RequestExit(1)
[2017.02.06-01.47.38:660][926]Log file closed, 02/05/17 20:47:38
